#
# A fatal error has been detected by the Java Runtime Environment:
#
#  Internal Error (javaClasses.cpp:129), pid=6360, tid=6352
#  fatal error: Invalid layout of preloaded class
#
# JRE version: 7.0_21-b11
# Java VM: Java HotSpot(TM) 64-Bit Server VM (23.21-b01 mixed mode windows-amd64 compressed oops)
# Failed to write core dump. Minidumps are not enabled by default on client versions of Windows
#
# If you would like to submit a bug report, please visit:
#   http://bugreport.sun.com/bugreport/crash.jsp
#

---------------  T H R E A D  ---------------

Current thread (0x00000000009ce000):  JavaThread "Unknown thread" [_thread_in_vm, id=6352, stack(0x0000000002220000,0x0000000002320000)]

Stack: [0x0000000002220000,0x0000000002320000]

---------------  P R O C E S S  ---------------

Java Threads: ( => current thread )

Other Threads:

=>0x00000000009ce000 (exited) JavaThread "Unknown thread" [_thread_in_vm, id=6352, stack(0x0000000002220000,0x0000000002320000)]

VM state:not at safepoint (not fully initialized)

VM Mutex/Monitor currently owned by a thread: None

GC Heap History (0 events):
No events

Deoptimization events (0 events):
No events

Internal exceptions (0 events):
No events

Events (10 events):
Event: 0.015 loading class 0x00000000026b3860 done
Event: 0.015 loading class 0x00000000026b3dd0 done
Event: 0.015 loading class 0x00000000026b3770
Event: 0.015 loading class 0x00000000026efc80
Event: 0.015 loading class 0x00000000026efc80 done
Event: 0.015 loading class 0x00000000026efd40
Event: 0.015 loading class 0x00000000026efd40 done
Event: 0.015 loading class 0x000000000273bc50
Event: 0.015 loading class 0x000000000273bc50 done
Event: 0.015 loading class 0x00000000026b3770 done


Dynamic libraries:
0x00007ff7f4ab0000 - 0x00007ff7f4ae3000 	C:\Program Files\Java\jre7\bin\javaw.exe
0x00007ffa073f0000 - 0x00007ffa075b2000 	C:\WINDOWS\SYSTEM32\ntdll.dll
0x00007ffa070c0000 - 0x00007ffa0716d000 	C:\WINDOWS\system32\KERNEL32.DLL
0x00007ffa03f50000 - 0x00007ffa0412d000 	C:\WINDOWS\system32\KERNELBASE.dll
0x00007ffa04ce0000 - 0x00007ffa04d86000 	C:\WINDOWS\system32\ADVAPI32.dll
0x00007ffa07170000 - 0x00007ffa0720d000 	C:\WINDOWS\system32\msvcrt.dll
0x00007ffa05610000 - 0x00007ffa0566b000 	C:\WINDOWS\system32\sechost.dll
0x00007ffa056d0000 - 0x00007ffa057f6000 	C:\WINDOWS\system32\RPCRT4.dll
0x00007ffa05800000 - 0x00007ffa0594e000 	C:\WINDOWS\system32\USER32.dll
0x00007ffa06e80000 - 0x00007ffa07006000 	C:\WINDOWS\system32\GDI32.dll
0x00007ffa00390000 - 0x00007ffa00604000 	C:\WINDOWS\WinSxS\amd64_microsoft.windows.common-controls_6595b64144ccf1df_6.0.10240.16384_none_f41f7b285750ef43\COMCTL32.dll
0x00007ffa04e10000 - 0x00007ffa04e46000 	C:\WINDOWS\system32\IMM32.DLL
0x00007ffa04b80000 - 0x00007ffa04cdc000 	C:\WINDOWS\system32\MSCTF.dll
0x00007ffa03ab0000 - 0x00007ffa03ae1000 	C:\Windows\system32\nvinitx.dll
0x00007ffa03aa0000 - 0x00007ffa03aaa000 	C:\WINDOWS\SYSTEM32\VERSION.dll
0x0000000059b10000 - 0x0000000059b16000 	C:\Program Files\NVIDIA Corporation\CoProcManager\_etoured.dll
0x00007ffa01f40000 - 0x00007ffa01f73000 	C:\Program Files\NVIDIA Corporation\CoProcManager\nvd3d9wrapx.dll
0x00007ffa05040000 - 0x00007ffa05205000 	C:\WINDOWS\system32\SETUPAPI.dll
0x00007ffa03c70000 - 0x00007ffa03cb4000 	C:\WINDOWS\system32\CFGMGR32.dll
0x00007ffa01e40000 - 0x00007ffa01e62000 	C:\Program Files\NVIDIA Corporation\CoProcManager\nvdxgiwrapx.dll
0x00000000585d0000 - 0x00000000586a1000 	C:\Program Files\Java\jre7\bin\msvcr100.dll
0x0000000057ea0000 - 0x00000000585c1000 	C:\Program Files\Java\jre7\bin\server\jvm.dll
0x00007ffa048d0000 - 0x00007ffa048f3000 	C:\WINDOWS\system32\WINMM.dll
0x00007ffa03bf0000 - 0x00007ffa03c1c000 	C:\WINDOWS\system32\WINMMBASE.dll
0x00007ffa03bc0000 - 0x00007ffa03be7000 	C:\WINDOWS\system32\DEVOBJ.dll
0x00007ffa05580000 - 0x00007ffa05588000 	C:\WINDOWS\system32\PSAPI.DLL
0x00007ff9f94c0000 - 0x00007ff9f94c9000 	C:\WINDOWS\SYSTEM32\WSOCK32.dll
0x00007ffa05510000 - 0x00007ffa05579000 	C:\WINDOWS\system32\WS2_32.dll
0x00007ffa05030000 - 0x00007ffa05038000 	C:\WINDOWS\system32\NSI.dll
0x0000000058a60000 - 0x0000000058a6f000 	C:\Program Files\Java\jre7\bin\verify.dll
0x0000000058a30000 - 0x0000000058a58000 	C:\Program Files\Java\jre7\bin\java.dll
0x0000000058a10000 - 0x0000000058a25000 	C:\Program Files\Java\jre7\bin\zip.dll

VM Arguments:
jvm_args: -Dfile.encoding=GBK -Xbootclasspath:E:\Program File\ADT\sdk\platforms\android-18\android.jar 
java_command: com.example.justfine.test
Launcher Type: SUN_STANDARD

Environment Variables:
JAVA_HOME=C:\Program Files\Java\jdk1.7.0_21
CLASSPATH=.;C:\Program Files\Java\jdk1.7.0_21\lib;C:\Program Files\Java\jdk1.7.0_21\lib\tools.jar
PATH=C:\Program Files\Broadcom\Broadcom 802.11 Network Adapter;;;;C:\Program Files (x86)\Intel\iCLS Client\;C:\Program Files\Intel\iCLS Client\;C:\WINDOWS\system32;C:\WINDOWS;C:\WINDOWS\System32\Wbem;C:\WINDOWS\System32\WindowsPowerShell\v1.0\;C:\Program Files (x86)\Intel\OpenCL SDK\2.0\bin\x86;C:\Program Files (x86)\Intel\OpenCL SDK\2.0\bin\x64;C:\Program Files\Intel\Intel(R) Management Engine Components\DAL;C:\Program Files\Intel\Intel(R) Management Engine Components\IPT;C:\Program Files (x86)\Intel\Intel(R) Management Engine Components\DAL;C:\Program Files (x86)\Intel\Intel(R) Management Engine Components\IPT;E:\Program File\TortoiseSVN\bin;C:\Program Files\Java\jdk1.7.0_21\bin;C:\Program Files\Java\jdk1.7.0_21\jre\bin;D:\phpStudy\php53;E:\Program File\Git\bin;C:\Program Files (x86)\NVIDIA Corporation\PhysX\Common;E:\Program File\wamp\bin\mysql\mysql5.5.20\bin;E:\Program File\ADT\sdk\platform-tools
USERNAME=Administrator
OS=Windows_NT
PROCESSOR_IDENTIFIER=Intel64 Family 6 Model 42 Stepping 7, GenuineIntel



---------------  S Y S T E M  ---------------

OS: Windows 8 , 64 bit Build 9200 

CPU:total 4 (2 cores per cpu, 2 threads per core) family 6 model 42 stepping 7, cmov, cx8, fxsr, mmx, sse, sse2, sse3, ssse3, sse4.1, sse4.2, popcnt, avx, ht, tsc, tscinvbit

Memory: 4k page, physical 8195260k(4035728k free), swap 16583868k(12134804k free)

vm_info: Java HotSpot(TM) 64-Bit Server VM (23.21-b01) for windows-amd64 JRE (1.7.0_21-b11), built on Apr  4 2013 08:11:28 by "java_re" with unknown MS VC++:1600

time: Fri Apr 08 15:40:16 2016
elapsed time: 0 seconds

